<?xml version="1.0" encoding="UTF-8"?>
<!-- Generated by org.testng.reporters.JUnitReportReporter -->
<testsuite hostname="DESKTOP-SKFP6VU" failures="0" tests="1" name="practice.WebTable" time="12.174" errors="0" timestamp="2023-12-19T13:12:18 IST" skipped="0">
  <testcase classname="practice.WebTable" name="tableRead" time="12.174"/>
  <system-out/>
</testsuite> <!-- practice.WebTable -->
