<?xml version="1.0" encoding="UTF-8"?>
<!-- Generated by org.testng.reporters.JUnitReportReporter -->
<testsuite hostname="DESKTOP-SKFP6VU" failures="0" tests="1" name="test.Autosuggestions" time="5.841" errors="0" timestamp="2023-12-12T12:44:23 IST" skipped="0">
  <testcase classname="test.Autosuggestions" name="autoSugg" time="5.841"/>
  <system-out/>
</testsuite> <!-- test.Autosuggestions -->
