<?xml version="1.0" encoding="UTF-8"?>
<!-- Generated by org.testng.reporters.JUnitReportReporter -->
<testsuite hostname="DESKTOP-SKFP6VU" failures="0" tests="1" name="test.Demo" time="3.223" errors="0" timestamp="2023-11-28T11:28:02 IST" skipped="0">
  <testcase classname="test.Demo" name="openBrowser" time="3.223"/>
  <system-out/>
</testsuite> <!-- test.Demo -->
