<?xml version="1.0" encoding="UTF-8"?>
<!-- Generated by org.testng.reporters.JUnitReportReporter -->
<testsuite hostname="DESKTOP-SKFP6VU" failures="0" tests="1" name="practice.EmpireProj" time="26.599" errors="0" timestamp="2023-12-15T17:55:04 IST" skipped="0">
  <testcase classname="practice.EmpireProj" name="fileUpload" time="26.599"/>
  <system-out/>
</testsuite> <!-- practice.EmpireProj -->
