<?xml version="1.0" encoding="UTF-8"?>
<!-- Generated by org.testng.reporters.JUnitReportReporter -->
<testsuite hostname="DESKTOP-SKFP6VU" failures="0" tests="1" name="practice.Excel" time="1.187" errors="0" timestamp="2023-12-15T16:34:36 IST" skipped="0">
  <testcase classname="practice.Excel" name="excelRead" time="1.187"/>
  <system-out/>
</testsuite> <!-- practice.Excel -->
