<?xml version="1.0" encoding="UTF-8"?>
<!-- Generated by org.testng.reporters.JUnitReportReporter -->
<testsuite hostname="DESKTOP-SKFP6VU" failures="0" tests="1" name="test.ActionsDemo_2" time="9.684" errors="0" timestamp="2023-12-11T20:59:53 IST" skipped="0">
  <testcase classname="test.ActionsDemo_2" name="actdemo" time="9.684"/>
  <system-out/>
</testsuite> <!-- test.ActionsDemo_2 -->
