<?xml version="1.0" encoding="UTF-8"?>
<!-- Generated by org.testng.reporters.JUnitReportReporter -->
<testsuite hostname="DESKTOP-SKFP6VU" failures="0" tests="1" name="test.Demo" time="5.946" errors="0" timestamp="2023-12-06T10:53:40 IST" skipped="0">
  <testcase classname="test.Demo" name="openBrowser" time="5.946"/>
  <system-out/>
</testsuite> <!-- test.Demo -->
