<?xml version="1.0" encoding="UTF-8"?>
<!-- Generated by org.testng.reporters.JUnitReportReporter -->
<testsuite hostname="DESKTOP-SKFP6VU" failures="0" tests="1" name="test.WindowHandles" time="6.335" errors="0" timestamp="2023-12-12T21:07:34 IST" skipped="0">
  <testcase classname="test.WindowHandles" name="redbus" time="6.335"/>
  <system-out/>
</testsuite> <!-- test.WindowHandles -->
