<?xml version="1.0" encoding="UTF-8"?>
<!-- Generated by org.testng.reporters.JUnitReportReporter -->
<testsuite hostname="DESKTOP-SKFP6VU" failures="0" tests="1" name="practice.Abhibus_Booking" time="9.489" errors="0" timestamp="2023-12-20T16:50:33 IST" skipped="0">
  <testcase classname="practice.Abhibus_Booking" name="bookingTicket" time="9.489"/>
  <system-out/>
</testsuite> <!-- practice.Abhibus_Booking -->
