<?xml version="1.0" encoding="UTF-8"?>
<!-- Generated by org.testng.reporters.JUnitReportReporter -->
<testsuite hostname="DESKTOP-SKFP6VU" failures="0" tests="1" name="practice.Abhibus_Booking" time="31.780" errors="0" timestamp="2023-12-20T20:52:51 IST" skipped="0">
  <testcase classname="practice.Abhibus_Booking" name="bookingTicket" time="31.780"/>
  <system-out/>
</testsuite> <!-- practice.Abhibus_Booking -->
