<?xml version="1.0" encoding="UTF-8"?>
<!-- Generated by org.testng.reporters.JUnitReportReporter -->
<testsuite hostname="DESKTOP-SKFP6VU" failures="0" tests="1" name="practice.ActionsDemo_1" time="4.943" errors="0" timestamp="2023-12-11T20:49:06 IST" skipped="0">
  <testcase classname="practice.ActionsDemo_1" name="flip" time="4.943"/>
  <system-out/>
</testsuite> <!-- practice.ActionsDemo_1 -->
