<?xml version="1.0" encoding="UTF-8"?>
<!-- Generated by org.testng.reporters.JUnitReportReporter -->
<testsuite hostname="DESKTOP-SKFP6VU" failures="0" tests="1" name="practice.Dropdown" time="10.032" errors="0" timestamp="2023-12-08T09:32:47 IST" skipped="0">
  <testcase classname="practice.Dropdown" name="dropDown" time="10.032"/>
  <system-out/>
</testsuite> <!-- practice.Dropdown -->
