<?xml version="1.0" encoding="UTF-8"?>
<!-- Generated by org.testng.reporters.JUnitReportReporter -->
<testsuite hostname="DESKTOP-SKFP6VU" failures="0" tests="1" name="practice.WebTable" time="10.799" errors="0" timestamp="2023-12-20T11:25:28 IST" skipped="0">
  <testcase classname="practice.WebTable" name="tableRead" time="10.799"/>
  <system-out/>
</testsuite> <!-- practice.WebTable -->
