<?xml version="1.0" encoding="UTF-8"?>
<!-- Generated by org.testng.reporters.JUnitReportReporter -->
<testsuite hostname="DESKTOP-SKFP6VU" failures="0" tests="1" name="practice.Explicit" time="0.013" errors="0" timestamp="2023-12-11T10:39:31 IST" skipped="0">
  <testcase classname="practice.Explicit" name="waits" time="0.013"/>
  <system-out/>
</testsuite> <!-- practice.Explicit -->
