<?xml version="1.0" encoding="UTF-8"?>
<!-- Generated by org.testng.reporters.JUnitReportReporter -->
<testsuite hostname="DESKTOP-SKFP6VU" failures="0" tests="1" name="automationTesting.TestingPractice" time="22.767" errors="0" timestamp="2023-12-12T20:58:10 IST" skipped="0">
  <testcase classname="automationTesting.TestingPractice" name="fillWebsite" time="22.767"/>
  <system-out/>
</testsuite> <!-- automationTesting.TestingPractice -->
